<?xml version="1.0" encoding="UTF-8"?>
<!-- Generated by org.testng.reporters.JUnitXMLReporter -->
<testsuite hostname="lenovo-PC" name="Test" tests="1" failures="1" timestamp="11 Jul 2020 22:05:57 GMT" time="31.907" errors="0">
  <testcase name="getthePrice" time="19.125" classname="test.TESTFramework2">
    <failure type="java.lang.NullPointerException">
      <![CDATA[java.lang.NullPointerException
	at org.openqa.selenium.support.pagefactory.internal.LocatingElementHandler.invoke(LocatingElementHandler.java:51)
	at com.sun.proxy.$Proxy7.click(Unknown Source)
	at pom.POMFramework2.gettheimagePrice(POMFramework2.java:24)
	at test.TESTFramework2.getthePrice(TESTFramework2.java:14)
... Removed 28 stack frames]]>
    </failure>
  </testcase> <!-- getthePrice -->
</testsuite> <!-- Test -->
