<?xml version="1.0" encoding="UTF-8"?>
<testng-results skipped="0" failed="0" total="1" passed="1">
  <reporter-output>
  </reporter-output>
  <suite name="Default suite" duration-ms="13375" started-at="2020-07-12T13:29:53Z" finished-at="2020-07-12T13:30:07Z">
    <groups>
    </groups>
    <test name="Default test" duration-ms="13375" started-at="2020-07-12T13:29:53Z" finished-at="2020-07-12T13:30:07Z">
      <class name="test.TESTFramework2">
        <test-method status="PASS" signature="openBrowser()[pri:0, instance:test.TESTFramework2@62ee68d8]" name="openBrowser" is-config="true" duration-ms="13194" started-at="2020-07-12T09:29:53Z" finished-at="2020-07-12T09:30:07Z">
          <reporter-output>
          </reporter-output>
        </test-method> <!-- openBrowser -->
        <test-method status="PASS" signature="getthePrice()[pri:0, instance:test.TESTFramework2@62ee68d8]" name="getthePrice" duration-ms="157" started-at="2020-07-12T09:30:07Z" finished-at="2020-07-12T09:30:07Z">
          <reporter-output>
          </reporter-output>
        </test-method> <!-- getthePrice -->
        <test-method status="PASS" signature="closeBrowser()[pri:0, instance:test.TESTFramework2@62ee68d8]" name="closeBrowser" is-config="true" duration-ms="1" started-at="2020-07-12T09:30:07Z" finished-at="2020-07-12T09:30:07Z">
          <reporter-output>
          </reporter-output>
        </test-method> <!-- closeBrowser -->
      </class> <!-- test.TESTFramework2 -->
    </test> <!-- Default test -->
  </suite> <!-- Default suite -->
</testng-results>
